23:51:14.788 [main] INFO  c.K.S.SpringJpaHibernateApplication - Starting SpringJpaHibernateApplication using Java 21.0.2 with PID 9992 (C:\Users\Kritiraj Chkaraborty\Desktop\DEV\Java (DSA+Springboot)\SpringBoot\SpringJPAHibernate\SpringJPAHibernate\target\classes started by Kritiraj Chkaraborty in C:\Users\Kritiraj Chkaraborty\Desktop\DEV\Java (DSA+Springboot)\SpringBoot\SpringJPAHibernate\SpringJPAHibernate)
23:51:14.825 [main] DEBUG c.K.S.SpringJpaHibernateApplication - Running with Spring Boot v3.4.3, Spring v6.2.3
23:51:14.827 [main] INFO  c.K.S.SpringJpaHibernateApplication - No active profile set, falling back to 1 default profile: "default"
23:51:17.051 [main] INFO  o.s.d.r.c.RepositoryConfigurationDelegate - Bootstrapping Spring Data JPA repositories in DEFAULT mode.
23:51:17.133 [main] INFO  o.s.d.r.c.RepositoryConfigurationDelegate - Finished Spring Data repository scanning in 69 ms. Found 4 JPA repository interfaces.
23:51:18.186 [main] INFO  o.s.b.w.e.tomcat.TomcatWebServer - Tomcat initialized with port 8080 (http)
23:51:18.220 [main] INFO  o.a.coyote.http11.Http11NioProtocol - Initializing ProtocolHandler ["http-nio-8080"]
23:51:18.222 [main] INFO  o.a.catalina.core.StandardService - Starting service [Tomcat]
23:51:18.222 [main] INFO  o.a.catalina.core.StandardEngine - Starting Servlet engine: [Apache Tomcat/10.1.36]
23:51:18.297 [main] INFO  o.a.c.c.C.[Tomcat].[localhost].[/] - Initializing Spring embedded WebApplicationContext
23:51:18.297 [main] INFO  o.s.b.w.s.c.ServletWebServerApplicationContext - Root WebApplicationContext: initialization completed in 3360 ms
23:51:18.937 [main] INFO  o.h.jpa.internal.util.LogHelper - HHH000204: Processing PersistenceUnitInfo [name: default]
23:51:19.014 [main] INFO  org.hibernate.Version - HHH000412: Hibernate ORM core version 6.6.8.Final
23:51:19.046 [main] INFO  o.h.c.i.RegionFactoryInitiator - HHH000026: Second-level cache disabled
23:51:19.461 [main] INFO  o.s.o.j.p.SpringPersistenceUnitInfo - No LoadTimeWeaver setup: ignoring JPA class transformer
23:51:19.493 [main] INFO  com.zaxxer.hikari.HikariDataSource - HikariPool-1 - Starting...
23:51:20.211 [main] INFO  com.zaxxer.hikari.pool.HikariPool - HikariPool-1 - Added connection com.mysql.cj.jdbc.ConnectionImpl@4cb773c5
23:51:20.213 [main] INFO  com.zaxxer.hikari.HikariDataSource - HikariPool-1 - Start completed.
23:51:20.429 [main] INFO  o.hibernate.orm.connections.pooling - HHH10001005: Database info:
	Database JDBC URL [Connecting through datasource 'HikariDataSource (HikariPool-1)']
	Database driver: undefined/unknown
	Database version: 8.0.36
	Autocommit mode: undefined/unknown
	Isolation level: undefined/unknown
	Minimum pool size: undefined/unknown
	Maximum pool size: undefined/unknown
23:51:21.794 [main] INFO  o.h.e.t.j.p.i.JtaPlatformInitiator - HHH000489: No JTA platform available (set 'hibernate.transaction.jta.platform' to enable JTA platform integration)
23:51:22.020 [main] INFO  o.s.o.j.LocalContainerEntityManagerFactoryBean - Initialized JPA EntityManagerFactory for persistence unit 'default'
23:51:22.837 [main] INFO  o.s.d.j.r.query.QueryEnhancerFactory - Hibernate is in classpath; If applicable, HQL parser will be used.
23:51:24.444 [main] WARN  o.s.b.a.o.j.JpaBaseConfiguration$JpaWebConfiguration - spring.jpa.open-in-view is enabled by default. Therefore, database queries may be performed during view rendering. Explicitly configure spring.jpa.open-in-view to disable this warning
23:51:24.561 [main] INFO  o.s.v.b.OptionalValidatorFactoryBean - Failed to set up a Bean Validation provider: jakarta.validation.NoProviderFoundException: Unable to create a Configuration, because no Jakarta Bean Validation provider could be found. Add a provider like Hibernate Validator (RI) to your classpath.
23:51:26.057 [main] INFO  o.s.b.a.e.web.EndpointLinksResolver - Exposing 14 endpoints beneath base path '/actuator'
23:51:26.176 [main] INFO  o.a.coyote.http11.Http11NioProtocol - Starting ProtocolHandler ["http-nio-8080"]
23:51:26.236 [main] INFO  o.s.b.w.e.tomcat.TomcatWebServer - Tomcat started on port 8080 (http) with context path '/'
23:51:26.261 [main] INFO  c.K.S.SpringJpaHibernateApplication - Started SpringJpaHibernateApplication in 13.091 seconds (process running for 13.793)
23:51:36.949 [http-nio-8080-exec-2] INFO  o.a.c.c.C.[Tomcat].[localhost].[/] - Initializing Spring DispatcherServlet 'dispatcherServlet'
23:51:36.949 [http-nio-8080-exec-2] INFO  o.s.web.servlet.DispatcherServlet - Initializing Servlet 'dispatcherServlet'
23:51:36.951 [http-nio-8080-exec-2] INFO  o.s.web.servlet.DispatcherServlet - Completed initialization in 2 ms
